9484 : 2025-08-12 13:33:01,932 : INFO : telemetry.main : Attempt start. Configuration directory [C:\Users\Admin\.azure]. Cache directory [C:\Users\Admin\.azure\telemetry\20250812133301401].
9484 : 2025-08-12 13:33:01,932 : INFO : telemetry.records : 1 cache files to upload.
9484 : 2025-08-12 13:33:02,416 : INFO : telemetry.records : Processed file C:\Users\Admin\.azure\telemetry\20250812133301401\cache into 1 records.
9484 : 2025-08-12 13:33:02,416 : INFO : telemetry.records : Remove directory C:\Users\Admin\.azure\telemetry\20250812133301401
9484 : 2025-08-12 13:33:02,526 : INFO : telemetry.client : Accumulated 1 events. Flush the clients.
9484 : 2025-08-12 13:33:02,526 : INFO : telemetry.client : Flush client c4395b75-49cc-422c-bc95-c7d51aef5d46.
9484 : 2025-08-12 13:33:03,463 : INFO : telemetry.sender : Sending 3831 bytes
9484 : 2025-08-12 13:33:03,463 : INFO : telemetry.sender : Finish uploading in 0.937504 seconds.
9424 : 2025-08-12 13:39:17,892 : INFO : telemetry.main : Attempt start. Configuration directory [C:\Users\Admin\.azure]. Cache directory [C:\Users\Admin\.azure\telemetry\20250812133917454].
9424 : 2025-08-12 13:39:17,892 : INFO : telemetry.records : 1 cache files to upload.
9424 : 2025-08-12 13:39:17,938 : INFO : telemetry.records : Processed file C:\Users\Admin\.azure\telemetry\20250812133917454\cache into 1 records.
9424 : 2025-08-12 13:39:17,938 : INFO : telemetry.records : Remove directory C:\Users\Admin\.azure\telemetry\20250812133917454
9424 : 2025-08-12 13:39:18,032 : INFO : telemetry.client : Accumulated 1 events. Flush the clients.
9424 : 2025-08-12 13:39:18,032 : INFO : telemetry.client : Flush client c4395b75-49cc-422c-bc95-c7d51aef5d46.
9424 : 2025-08-12 13:39:18,767 : INFO : telemetry.sender : Sending 3766 bytes
9424 : 2025-08-12 13:39:18,767 : INFO : telemetry.sender : Finish uploading in 0.734322 seconds.
6208 : 2025-08-12 14:09:47,274 : INFO : telemetry.main : Attempt start. Configuration directory [C:\Users\Admin\.azure]. Cache directory [C:\Users\Admin\.azure\telemetry\20250812140946290].
6208 : 2025-08-12 14:09:47,290 : INFO : telemetry.records : 1 cache files to upload.
6208 : 2025-08-12 14:09:47,836 : INFO : telemetry.records : Processed file C:\Users\Admin\.azure\telemetry\20250812140946290\cache into 1 records.
6208 : 2025-08-12 14:09:47,836 : INFO : telemetry.records : Remove directory C:\Users\Admin\.azure\telemetry\20250812140946290
6208 : 2025-08-12 14:09:47,915 : INFO : telemetry.client : Accumulated 1 events. Flush the clients.
6208 : 2025-08-12 14:09:47,915 : INFO : telemetry.client : Flush client c4395b75-49cc-422c-bc95-c7d51aef5d46.
6208 : 2025-08-12 14:09:48,852 : INFO : telemetry.sender : Sending 4632 bytes
6208 : 2025-08-12 14:09:48,852 : INFO : telemetry.sender : Finish uploading in 0.937527 seconds.
4588 : 2025-08-12 14:12:05,079 : INFO : telemetry.main : Attempt start. Configuration directory [C:\Users\Admin\.azure]. Cache directory [C:\Users\Admin\.azure\telemetry\20250812141204642].
4588 : 2025-08-12 14:12:05,079 : INFO : telemetry.records : 1 cache files to upload.
4588 : 2025-08-12 14:12:05,173 : INFO : telemetry.records : Processed file C:\Users\Admin\.azure\telemetry\20250812141204642\cache into 1 records.
4588 : 2025-08-12 14:12:05,173 : INFO : telemetry.records : Remove directory C:\Users\Admin\.azure\telemetry\20250812141204642
4588 : 2025-08-12 14:12:05,345 : INFO : telemetry.client : Accumulated 1 events. Flush the clients.
4588 : 2025-08-12 14:12:05,345 : INFO : telemetry.client : Flush client c4395b75-49cc-422c-bc95-c7d51aef5d46.
4588 : 2025-08-12 14:12:06,189 : INFO : telemetry.sender : Sending 4627 bytes
4588 : 2025-08-12 14:12:06,189 : INFO : telemetry.sender : Finish uploading in 0.843792 seconds.
10096 : 2025-08-12 20:33:21,931 : INFO : telemetry.main : Attempt start. Configuration directory [C:\Users\Admin\.azure]. Cache directory [C:\Users\Admin\.azure\telemetry\20250812203321134].
10096 : 2025-08-12 20:33:21,931 : INFO : telemetry.records : 1 cache files to upload.
10096 : 2025-08-12 20:33:22,629 : INFO : telemetry.records : Processed file C:\Users\Admin\.azure\telemetry\20250812203321134\cache into 1 records.
10096 : 2025-08-12 20:33:22,629 : INFO : telemetry.records : Remove directory C:\Users\Admin\.azure\telemetry\20250812203321134
10096 : 2025-08-12 20:33:22,714 : INFO : telemetry.client : Accumulated 1 events. Flush the clients.
10096 : 2025-08-12 20:33:22,714 : INFO : telemetry.client : Flush client c4395b75-49cc-422c-bc95-c7d51aef5d46.
10096 : 2025-08-12 20:33:23,552 : INFO : telemetry.sender : Sending 4626 bytes
10096 : 2025-08-12 20:33:23,552 : INFO : telemetry.sender : Finish uploading in 0.838298 seconds.
8512 : 2025-08-12 20:35:06,007 : INFO : telemetry.main : Attempt start. Configuration directory [C:\Users\Admin\.azure]. Cache directory [C:\Users\Admin\.azure\telemetry\20250812203505304].
8512 : 2025-08-12 20:35:06,023 : INFO : telemetry.records : 1 cache files to upload.
8512 : 2025-08-12 20:35:07,288 : INFO : telemetry.records : Processed file C:\Users\Admin\.azure\telemetry\20250812203505304\cache into 1 records.
8512 : 2025-08-12 20:35:07,288 : INFO : telemetry.records : Remove directory C:\Users\Admin\.azure\telemetry\20250812203505304
8512 : 2025-08-12 20:35:07,335 : INFO : telemetry.client : Accumulated 1 events. Flush the clients.
8512 : 2025-08-12 20:35:07,335 : INFO : telemetry.client : Flush client c4395b75-49cc-422c-bc95-c7d51aef5d46.
8512 : 2025-08-12 20:35:08,743 : INFO : telemetry.sender : Sending 4626 bytes
8512 : 2025-08-12 20:35:08,759 : INFO : telemetry.sender : Finish uploading in 1.408123 seconds.
9636 : 2025-08-12 20:41:17,354 : INFO : telemetry.main : Attempt start. Configuration directory [C:\Users\Admin\.azure]. Cache directory [C:\Users\Admin\.azure\telemetry\20250812204116463].
9636 : 2025-08-12 20:41:17,369 : INFO : telemetry.records : 1 cache files to upload.
9636 : 2025-08-12 20:41:17,963 : INFO : telemetry.records : Processed file C:\Users\Admin\.azure\telemetry\20250812204116463\cache into 1 records.
9636 : 2025-08-12 20:41:17,963 : INFO : telemetry.records : Remove directory C:\Users\Admin\.azure\telemetry\20250812204116463
9636 : 2025-08-12 20:41:18,057 : INFO : telemetry.client : Accumulated 1 events. Flush the clients.
9636 : 2025-08-12 20:41:18,057 : INFO : telemetry.client : Flush client c4395b75-49cc-422c-bc95-c7d51aef5d46.
9636 : 2025-08-12 20:41:19,057 : INFO : telemetry.sender : Sending 4626 bytes
9636 : 2025-08-12 20:41:19,057 : INFO : telemetry.sender : Finish uploading in 0.984404 seconds.
9624 : 2025-08-12 20:45:40,204 : INFO : telemetry.main : Attempt start. Configuration directory [C:\Users\Admin\.azure]. Cache directory [C:\Users\Admin\.azure\telemetry\20250812204539673].
9624 : 2025-08-12 20:45:40,220 : INFO : telemetry.records : 1 cache files to upload.
9624 : 2025-08-12 20:45:40,376 : INFO : telemetry.records : Processed file C:\Users\Admin\.azure\telemetry\20250812204539673\cache into 1 records.
9624 : 2025-08-12 20:45:40,376 : INFO : telemetry.records : Remove directory C:\Users\Admin\.azure\telemetry\20250812204539673
9624 : 2025-08-12 20:45:40,438 : INFO : telemetry.client : Accumulated 1 events. Flush the clients.
9624 : 2025-08-12 20:45:40,438 : INFO : telemetry.client : Flush client c4395b75-49cc-422c-bc95-c7d51aef5d46.
9624 : 2025-08-12 20:45:41,329 : INFO : telemetry.sender : Sending 3850 bytes
9624 : 2025-08-12 20:45:41,329 : INFO : telemetry.sender : Finish uploading in 0.890657 seconds.
6444 : 2025-08-12 20:46:01,294 : INFO : telemetry.main : Attempt start. Configuration directory [C:\Users\Admin\.azure]. Cache directory [C:\Users\Admin\.azure\telemetry\20250812204600810].
6444 : 2025-08-12 20:46:01,294 : INFO : telemetry.records : 1 cache files to upload.
6444 : 2025-08-12 20:46:01,497 : INFO : telemetry.records : Processed file C:\Users\Admin\.azure\telemetry\20250812204600810\cache into 1 records.
6444 : 2025-08-12 20:46:01,497 : INFO : telemetry.records : Remove directory C:\Users\Admin\.azure\telemetry\20250812204600810
6444 : 2025-08-12 20:46:01,591 : INFO : telemetry.client : Accumulated 1 events. Flush the clients.
6444 : 2025-08-12 20:46:01,591 : INFO : telemetry.client : Flush client c4395b75-49cc-422c-bc95-c7d51aef5d46.
6444 : 2025-08-12 20:46:02,435 : INFO : telemetry.sender : Sending 4626 bytes
6444 : 2025-08-12 20:46:02,435 : INFO : telemetry.sender : Finish uploading in 0.843748 seconds.
9864 : 2025-08-12 20:58:59,753 : INFO : telemetry.main : Attempt start. Configuration directory [C:\Users\Admin\.azure]. Cache directory [C:\Users\Admin\.azure\telemetry\20250812205858987].
9864 : 2025-08-12 20:58:59,753 : INFO : telemetry.records : 1 cache files to upload.
9864 : 2025-08-12 20:59:00,519 : INFO : telemetry.records : Processed file C:\Users\Admin\.azure\telemetry\20250812205858987\cache into 1 records.
9864 : 2025-08-12 20:59:00,534 : INFO : telemetry.records : Remove directory C:\Users\Admin\.azure\telemetry\20250812205858987
9864 : 2025-08-12 20:59:00,644 : INFO : telemetry.client : Accumulated 1 events. Flush the clients.
9864 : 2025-08-12 20:59:00,644 : INFO : telemetry.client : Flush client c4395b75-49cc-422c-bc95-c7d51aef5d46.
9864 : 2025-08-12 20:59:01,675 : INFO : telemetry.sender : Sending 3939 bytes
9864 : 2025-08-12 20:59:01,675 : INFO : telemetry.sender : Finish uploading in 1.031253 seconds.
13096 : 2025-08-12 21:02:07,309 : INFO : telemetry.main : Attempt start. Configuration directory [C:\Users\Admin\.azure]. Cache directory [C:\Users\Admin\.azure\telemetry\20250812210206809].
13096 : 2025-08-12 21:02:07,325 : INFO : telemetry.records : 1 cache files to upload.
13096 : 2025-08-12 21:02:07,434 : INFO : telemetry.records : Processed file C:\Users\Admin\.azure\telemetry\20250812210206809\cache into 1 records.
13096 : 2025-08-12 21:02:07,450 : INFO : telemetry.records : Remove directory C:\Users\Admin\.azure\telemetry\20250812210206809
13096 : 2025-08-12 21:02:07,497 : INFO : telemetry.client : Accumulated 1 events. Flush the clients.
13096 : 2025-08-12 21:02:07,497 : INFO : telemetry.client : Flush client c4395b75-49cc-422c-bc95-c7d51aef5d46.
13096 : 2025-08-12 21:02:08,309 : INFO : telemetry.sender : Sending 4671 bytes
13096 : 2025-08-12 21:02:08,309 : INFO : telemetry.sender : Finish uploading in 0.812495 seconds.
8324 : 2025-08-12 21:03:13,379 : INFO : telemetry.main : Attempt start. Configuration directory [C:\Users\Admin\.azure]. Cache directory [C:\Users\Admin\.azure\telemetry\20250812210312739].
8324 : 2025-08-12 21:03:13,379 : INFO : telemetry.records : 1 cache files to upload.
8324 : 2025-08-12 21:03:13,458 : INFO : telemetry.records : Processed file C:\Users\Admin\.azure\telemetry\20250812210312739\cache into 1 records.
8324 : 2025-08-12 21:03:13,458 : INFO : telemetry.records : Remove directory C:\Users\Admin\.azure\telemetry\20250812210312739
8324 : 2025-08-12 21:03:13,536 : INFO : telemetry.client : Accumulated 1 events. Flush the clients.
8324 : 2025-08-12 21:03:13,536 : INFO : telemetry.client : Flush client c4395b75-49cc-422c-bc95-c7d51aef5d46.
8324 : 2025-08-12 21:03:14,379 : INFO : telemetry.sender : Sending 4013 bytes
8324 : 2025-08-12 21:03:14,379 : INFO : telemetry.sender : Finish uploading in 0.843754 seconds.
6040 : 2025-08-12 21:16:10,775 : INFO : telemetry.main : Attempt start. Configuration directory [C:\Users\Admin\.azure]. Cache directory [C:\Users\Admin\.azure\telemetry\20250812211610194].
6040 : 2025-08-12 21:16:10,791 : INFO : telemetry.records : 1 cache files to upload.
6040 : 2025-08-12 21:16:11,354 : INFO : telemetry.records : Processed file C:\Users\Admin\.azure\telemetry\20250812211610194\cache into 1 records.
6040 : 2025-08-12 21:16:11,354 : INFO : telemetry.records : Remove directory C:\Users\Admin\.azure\telemetry\20250812211610194
6040 : 2025-08-12 21:16:11,400 : INFO : telemetry.client : Accumulated 1 events. Flush the clients.
6040 : 2025-08-12 21:16:11,400 : INFO : telemetry.client : Flush client c4395b75-49cc-422c-bc95-c7d51aef5d46.
6040 : 2025-08-12 21:16:13,116 : INFO : telemetry.sender : Sending 4060 bytes
6040 : 2025-08-12 21:16:13,116 : INFO : telemetry.sender : Finish uploading in 1.715260 seconds.
2640 : 2025-08-12 21:16:16,202 : INFO : telemetry.main : Attempt start. Configuration directory [C:\Users\Admin\.azure]. Cache directory [C:\Users\Admin\.azure\telemetry\20250812211615272].
2640 : 2025-08-12 21:16:16,202 : INFO : telemetry.records : 1 cache files to upload.
2640 : 2025-08-12 21:16:16,280 : INFO : telemetry.records : Processed file C:\Users\Admin\.azure\telemetry\20250812211615272\cache into 1 records.
2640 : 2025-08-12 21:16:16,280 : INFO : telemetry.records : Remove directory C:\Users\Admin\.azure\telemetry\20250812211615272
2640 : 2025-08-12 21:16:16,405 : INFO : telemetry.client : Accumulated 1 events. Flush the clients.
2640 : 2025-08-12 21:16:16,405 : INFO : telemetry.client : Flush client c4395b75-49cc-422c-bc95-c7d51aef5d46.
2640 : 2025-08-12 21:16:17,225 : INFO : telemetry.sender : Sending 4070 bytes
2640 : 2025-08-12 21:16:17,225 : INFO : telemetry.sender : Finish uploading in 0.819512 seconds.
11300 : 2025-08-12 21:16:26,713 : INFO : telemetry.main : Attempt start. Configuration directory [C:\Users\Admin\.azure]. Cache directory [C:\Users\Admin\.azure\telemetry\20250812211625491].
11300 : 2025-08-12 21:16:26,713 : INFO : telemetry.records : 1 cache files to upload.
11300 : 2025-08-12 21:16:26,807 : INFO : telemetry.records : Processed file C:\Users\Admin\.azure\telemetry\20250812211625491\cache into 1 records.
11300 : 2025-08-12 21:16:26,807 : INFO : telemetry.records : Remove directory C:\Users\Admin\.azure\telemetry\20250812211625491
11300 : 2025-08-12 21:16:26,885 : INFO : telemetry.client : Accumulated 1 events. Flush the clients.
11300 : 2025-08-12 21:16:26,885 : INFO : telemetry.client : Flush client c4395b75-49cc-422c-bc95-c7d51aef5d46.
11300 : 2025-08-12 21:16:27,710 : INFO : telemetry.sender : Sending 4639 bytes
11300 : 2025-08-12 21:16:27,710 : INFO : telemetry.sender : Finish uploading in 0.824771 seconds.
10776 : 2025-08-12 21:16:31,601 : INFO : telemetry.main : Attempt start. Configuration directory [C:\Users\Admin\.azure]. Cache directory [C:\Users\Admin\.azure\telemetry\20250812211631210].
10776 : 2025-08-12 21:16:31,601 : INFO : telemetry.records : 1 cache files to upload.
10776 : 2025-08-12 21:16:31,664 : INFO : telemetry.records : Processed file C:\Users\Admin\.azure\telemetry\20250812211631210\cache into 1 records.
10776 : 2025-08-12 21:16:31,664 : INFO : telemetry.records : Remove directory C:\Users\Admin\.azure\telemetry\20250812211631210
10776 : 2025-08-12 21:16:31,711 : INFO : telemetry.client : Accumulated 1 events. Flush the clients.
10776 : 2025-08-12 21:16:31,711 : INFO : telemetry.client : Flush client c4395b75-49cc-422c-bc95-c7d51aef5d46.
10776 : 2025-08-12 21:16:32,570 : INFO : telemetry.sender : Sending 4639 bytes
10776 : 2025-08-12 21:16:32,570 : INFO : telemetry.sender : Finish uploading in 0.859460 seconds.
12572 : 2025-08-12 21:21:11,718 : INFO : telemetry.main : Attempt start. Configuration directory [C:\Users\Admin\.azure]. Cache directory [C:\Users\Admin\.azure\telemetry\20250812212111067].
12572 : 2025-08-12 21:21:11,718 : INFO : telemetry.records : 1 cache files to upload.
12572 : 2025-08-12 21:21:11,937 : INFO : telemetry.records : Processed file C:\Users\Admin\.azure\telemetry\20250812212111067\cache into 1 records.
12572 : 2025-08-12 21:21:11,937 : INFO : telemetry.records : Remove directory C:\Users\Admin\.azure\telemetry\20250812212111067
12572 : 2025-08-12 21:21:12,000 : INFO : telemetry.client : Accumulated 1 events. Flush the clients.
12572 : 2025-08-12 21:21:12,000 : INFO : telemetry.client : Flush client c4395b75-49cc-422c-bc95-c7d51aef5d46.
12572 : 2025-08-12 21:21:13,494 : INFO : telemetry.sender : Sending 4060 bytes
12572 : 2025-08-12 21:21:13,494 : INFO : telemetry.sender : Finish uploading in 1.494355 seconds.
10580 : 2025-08-12 21:21:13,689 : INFO : telemetry.main : Attempt start. Configuration directory [C:\Users\Admin\.azure]. Cache directory [C:\Users\Admin\.azure\telemetry\20250812212113093].
10580 : 2025-08-12 21:21:13,689 : INFO : telemetry.records : 1 cache files to upload.
10580 : 2025-08-12 21:21:13,868 : INFO : telemetry.records : Processed file C:\Users\Admin\.azure\telemetry\20250812212113093\cache into 1 records.
10580 : 2025-08-12 21:21:13,868 : INFO : telemetry.records : Remove directory C:\Users\Admin\.azure\telemetry\20250812212113093
10580 : 2025-08-12 21:21:13,992 : INFO : telemetry.client : Accumulated 1 events. Flush the clients.
10580 : 2025-08-12 21:21:13,992 : INFO : telemetry.client : Flush client c4395b75-49cc-422c-bc95-c7d51aef5d46.
10580 : 2025-08-12 21:21:14,886 : INFO : telemetry.sender : Sending 4070 bytes
10580 : 2025-08-12 21:21:14,886 : INFO : telemetry.sender : Finish uploading in 0.893823 seconds.
10788 : 2025-08-12 21:21:17,179 : INFO : telemetry.main : Attempt start. Configuration directory [C:\Users\Admin\.azure]. Cache directory [C:\Users\Admin\.azure\telemetry\20250812212116433].
10788 : 2025-08-12 21:21:17,179 : INFO : telemetry.records : 1 cache files to upload.
10788 : 2025-08-12 21:21:17,210 : INFO : telemetry.records : Processed file C:\Users\Admin\.azure\telemetry\20250812212116433\cache into 1 records.
10788 : 2025-08-12 21:21:17,210 : INFO : telemetry.records : Remove directory C:\Users\Admin\.azure\telemetry\20250812212116433
10788 : 2025-08-12 21:21:17,273 : INFO : telemetry.client : Accumulated 1 events. Flush the clients.
10788 : 2025-08-12 21:21:17,273 : INFO : telemetry.client : Flush client c4395b75-49cc-422c-bc95-c7d51aef5d46.
10788 : 2025-08-12 21:21:18,105 : INFO : telemetry.sender : Sending 4109 bytes
10788 : 2025-08-12 21:21:18,105 : INFO : telemetry.sender : Finish uploading in 0.832676 seconds.
7188 : 2025-08-12 21:21:19,138 : INFO : telemetry.main : Attempt start. Configuration directory [C:\Users\Admin\.azure]. Cache directory [C:\Users\Admin\.azure\telemetry\20250812212118746].
7188 : 2025-08-12 21:21:19,138 : INFO : telemetry.records : 1 cache files to upload.
7188 : 2025-08-12 21:21:19,435 : INFO : telemetry.records : Processed file C:\Users\Admin\.azure\telemetry\20250812212118746\cache into 1 records.
7188 : 2025-08-12 21:21:19,435 : INFO : telemetry.records : Remove directory C:\Users\Admin\.azure\telemetry\20250812212118746
7188 : 2025-08-12 21:21:19,498 : INFO : telemetry.client : Accumulated 1 events. Flush the clients.
7188 : 2025-08-12 21:21:19,498 : INFO : telemetry.client : Flush client c4395b75-49cc-422c-bc95-c7d51aef5d46.
7188 : 2025-08-12 21:21:20,451 : INFO : telemetry.sender : Sending 4109 bytes
7188 : 2025-08-12 21:21:20,451 : INFO : telemetry.sender : Finish uploading in 0.953167 seconds.
2492 : 2025-08-12 21:23:18,442 : INFO : telemetry.main : Attempt start. Configuration directory [C:\Users\Admin\.azure]. Cache directory [C:\Users\Admin\.azure\telemetry\20250812212317890].
2492 : 2025-08-12 21:23:18,442 : INFO : telemetry.records : 1 cache files to upload.
2492 : 2025-08-12 21:23:18,520 : INFO : telemetry.records : Processed file C:\Users\Admin\.azure\telemetry\20250812212317890\cache into 1 records.
2492 : 2025-08-12 21:23:18,520 : INFO : telemetry.records : Remove directory C:\Users\Admin\.azure\telemetry\20250812212317890
2492 : 2025-08-12 21:23:18,582 : INFO : telemetry.client : Accumulated 1 events. Flush the clients.
2492 : 2025-08-12 21:23:18,582 : INFO : telemetry.client : Flush client c4395b75-49cc-422c-bc95-c7d51aef5d46.
2492 : 2025-08-12 21:23:19,457 : INFO : telemetry.sender : Sending 4060 bytes
2492 : 2025-08-12 21:23:19,457 : INFO : telemetry.sender : Finish uploading in 0.874998 seconds.
13096 : 2025-08-12 21:23:20,773 : INFO : telemetry.main : Attempt start. Configuration directory [C:\Users\Admin\.azure]. Cache directory [C:\Users\Admin\.azure\telemetry\20250812212320348].
13096 : 2025-08-12 21:23:20,773 : INFO : telemetry.records : 1 cache files to upload.
13096 : 2025-08-12 21:23:20,804 : INFO : telemetry.records : Processed file C:\Users\Admin\.azure\telemetry\20250812212320348\cache into 1 records.
13096 : 2025-08-12 21:23:20,819 : INFO : telemetry.records : Remove directory C:\Users\Admin\.azure\telemetry\20250812212320348
13096 : 2025-08-12 21:23:20,866 : INFO : telemetry.client : Accumulated 1 events. Flush the clients.
13096 : 2025-08-12 21:23:20,866 : INFO : telemetry.client : Flush client c4395b75-49cc-422c-bc95-c7d51aef5d46.
13096 : 2025-08-12 21:23:21,828 : INFO : telemetry.sender : Sending 4070 bytes
13096 : 2025-08-12 21:23:21,828 : INFO : telemetry.sender : Finish uploading in 0.961905 seconds.
9868 : 2025-08-12 21:23:22,791 : INFO : telemetry.main : Attempt start. Configuration directory [C:\Users\Admin\.azure]. Cache directory [C:\Users\Admin\.azure\telemetry\20250812212322281].
9868 : 2025-08-12 21:23:22,791 : INFO : telemetry.records : 1 cache files to upload.
9868 : 2025-08-12 21:23:22,843 : INFO : telemetry.records : Processed file C:\Users\Admin\.azure\telemetry\20250812212322281\cache into 1 records.
9868 : 2025-08-12 21:23:22,843 : INFO : telemetry.records : Remove directory C:\Users\Admin\.azure\telemetry\20250812212322281
9868 : 2025-08-12 21:23:22,906 : INFO : telemetry.client : Accumulated 1 events. Flush the clients.
9868 : 2025-08-12 21:23:22,906 : INFO : telemetry.client : Flush client c4395b75-49cc-422c-bc95-c7d51aef5d46.
9868 : 2025-08-12 21:23:23,875 : INFO : telemetry.sender : Sending 4109 bytes
9868 : 2025-08-12 21:23:23,875 : INFO : telemetry.sender : Finish uploading in 0.969670 seconds.
8844 : 2025-08-12 21:23:25,254 : INFO : telemetry.main : Attempt start. Configuration directory [C:\Users\Admin\.azure]. Cache directory [C:\Users\Admin\.azure\telemetry\20250812212324809].
8844 : 2025-08-12 21:23:25,254 : INFO : telemetry.records : 1 cache files to upload.
8844 : 2025-08-12 21:23:25,348 : INFO : telemetry.records : Processed file C:\Users\Admin\.azure\telemetry\20250812212324809\cache into 1 records.
8844 : 2025-08-12 21:23:25,348 : INFO : telemetry.records : Remove directory C:\Users\Admin\.azure\telemetry\20250812212324809
8844 : 2025-08-12 21:23:25,410 : INFO : telemetry.client : Accumulated 1 events. Flush the clients.
8844 : 2025-08-12 21:23:25,410 : INFO : telemetry.client : Flush client c4395b75-49cc-422c-bc95-c7d51aef5d46.
8844 : 2025-08-12 21:23:26,301 : INFO : telemetry.sender : Sending 4109 bytes
8844 : 2025-08-12 21:23:26,301 : INFO : telemetry.sender : Finish uploading in 0.890622 seconds.
660 : 2025-08-12 22:14:42,116 : INFO : telemetry.main : Attempt start. Configuration directory [C:\Users\Admin\.azure]. Cache directory [C:\Users\Admin\.azure\telemetry\20250812221441631].
660 : 2025-08-12 22:14:42,131 : INFO : telemetry.records : 1 cache files to upload.
660 : 2025-08-12 22:14:42,725 : INFO : telemetry.records : Processed file C:\Users\Admin\.azure\telemetry\20250812221441631\cache into 1 records.
660 : 2025-08-12 22:14:42,725 : INFO : telemetry.records : Remove directory C:\Users\Admin\.azure\telemetry\20250812221441631
660 : 2025-08-12 22:14:42,788 : INFO : telemetry.client : Accumulated 1 events. Flush the clients.
660 : 2025-08-12 22:14:42,788 : INFO : telemetry.client : Flush client c4395b75-49cc-422c-bc95-c7d51aef5d46.
660 : 2025-08-12 22:14:43,678 : INFO : telemetry.sender : Sending 4663 bytes
660 : 2025-08-12 22:14:43,678 : INFO : telemetry.sender : Finish uploading in 0.890662 seconds.
3108 : 2025-08-12 22:22:21,098 : INFO : telemetry.main : Attempt start. Configuration directory [C:\Users\Admin\.azure]. Cache directory [C:\Users\Admin\.azure\telemetry\20250812222220552].
3108 : 2025-08-12 22:22:21,145 : INFO : telemetry.records : 1 cache files to upload.
3108 : 2025-08-12 22:22:23,372 : INFO : telemetry.records : Processed file C:\Users\Admin\.azure\telemetry\20250812222220552\cache into 1 records.
3108 : 2025-08-12 22:22:23,388 : INFO : telemetry.records : Remove directory C:\Users\Admin\.azure\telemetry\20250812222220552
3108 : 2025-08-12 22:22:23,435 : INFO : telemetry.client : Accumulated 1 events. Flush the clients.
3108 : 2025-08-12 22:22:23,435 : INFO : telemetry.client : Flush client c4395b75-49cc-422c-bc95-c7d51aef5d46.
3108 : 2025-08-12 22:22:25,966 : INFO : telemetry.sender : Sending 4060 bytes
3108 : 2025-08-12 22:22:25,966 : INFO : telemetry.sender : Finish uploading in 2.531250 seconds.
9756 : 2025-08-12 22:22:27,003 : INFO : telemetry.main : Attempt start. Configuration directory [C:\Users\Admin\.azure]. Cache directory [C:\Users\Admin\.azure\telemetry\20250812222226560].
9756 : 2025-08-12 22:22:27,003 : INFO : telemetry.records : 1 cache files to upload.
9756 : 2025-08-12 22:22:27,247 : INFO : telemetry.records : Processed file C:\Users\Admin\.azure\telemetry\20250812222226560\cache into 1 records.
9756 : 2025-08-12 22:22:27,247 : INFO : telemetry.records : Remove directory C:\Users\Admin\.azure\telemetry\20250812222226560
9756 : 2025-08-12 22:22:27,294 : INFO : telemetry.client : Accumulated 1 events. Flush the clients.
9756 : 2025-08-12 22:22:27,294 : INFO : telemetry.client : Flush client c4395b75-49cc-422c-bc95-c7d51aef5d46.
9756 : 2025-08-12 22:22:28,123 : INFO : telemetry.sender : Sending 4070 bytes
9756 : 2025-08-12 22:22:28,123 : INFO : telemetry.sender : Finish uploading in 0.812764 seconds.
9780 : 2025-08-12 22:22:30,507 : INFO : telemetry.main : Attempt start. Configuration directory [C:\Users\Admin\.azure]. Cache directory [C:\Users\Admin\.azure\telemetry\20250812222230099].
9780 : 2025-08-12 22:22:30,507 : INFO : telemetry.records : 1 cache files to upload.
9780 : 2025-08-12 22:22:30,692 : INFO : telemetry.records : Processed file C:\Users\Admin\.azure\telemetry\20250812222230099\cache into 1 records.
9780 : 2025-08-12 22:22:30,692 : INFO : telemetry.records : Remove directory C:\Users\Admin\.azure\telemetry\20250812222230099
9780 : 2025-08-12 22:22:30,739 : INFO : telemetry.client : Accumulated 1 events. Flush the clients.
9780 : 2025-08-12 22:22:30,739 : INFO : telemetry.client : Flush client c4395b75-49cc-422c-bc95-c7d51aef5d46.
9780 : 2025-08-12 22:22:31,566 : INFO : telemetry.sender : Sending 4109 bytes
9780 : 2025-08-12 22:22:31,566 : INFO : telemetry.sender : Finish uploading in 0.826989 seconds.
12828 : 2025-08-12 22:22:43,864 : INFO : telemetry.main : Attempt start. Configuration directory [C:\Users\Admin\.azure]. Cache directory [C:\Users\Admin\.azure\telemetry\20250812222243358].
12828 : 2025-08-12 22:22:43,864 : INFO : telemetry.records : 1 cache files to upload.
12828 : 2025-08-12 22:22:44,098 : INFO : telemetry.records : Processed file C:\Users\Admin\.azure\telemetry\20250812222243358\cache into 1 records.
12828 : 2025-08-12 22:22:44,098 : INFO : telemetry.records : Remove directory C:\Users\Admin\.azure\telemetry\20250812222243358
12828 : 2025-08-12 22:22:44,176 : INFO : telemetry.client : Accumulated 1 events. Flush the clients.
12828 : 2025-08-12 22:22:44,176 : INFO : telemetry.client : Flush client c4395b75-49cc-422c-bc95-c7d51aef5d46.
12828 : 2025-08-12 22:22:45,020 : INFO : telemetry.sender : Sending 4639 bytes
12828 : 2025-08-12 22:22:45,020 : INFO : telemetry.sender : Finish uploading in 0.843765 seconds.
13008 : 2025-08-13 12:37:32,081 : INFO : telemetry.main : Attempt start. Configuration directory [C:\Users\Admin\.azure]. Cache directory [C:\Users\Admin\.azure\telemetry\20250813123729645].
13008 : 2025-08-13 12:37:32,126 : INFO : telemetry.records : 1 cache files to upload.
13008 : 2025-08-13 12:37:32,563 : INFO : telemetry.records : Processed file C:\Users\Admin\.azure\telemetry\20250813123729645\cache into 1 records.
13008 : 2025-08-13 12:37:32,565 : INFO : telemetry.records : Remove directory C:\Users\Admin\.azure\telemetry\20250813123729645
13008 : 2025-08-13 12:37:32,695 : INFO : telemetry.client : Accumulated 1 events. Flush the clients.
13008 : 2025-08-13 12:37:32,695 : INFO : telemetry.client : Flush client c4395b75-49cc-422c-bc95-c7d51aef5d46.
13008 : 2025-08-13 12:37:33,925 : INFO : telemetry.sender : Sending 3988 bytes
13008 : 2025-08-13 12:37:33,925 : INFO : telemetry.sender : Finish uploading in 1.228726 seconds.
8584 : 2025-08-13 12:40:27,377 : INFO : telemetry.main : Attempt start. Configuration directory [C:\Users\Admin\.azure]. Cache directory [C:\Users\Admin\.azure\telemetry\20250813124025667].
8584 : 2025-08-13 12:40:27,397 : INFO : telemetry.records : 1 cache files to upload.
8584 : 2025-08-13 12:40:28,117 : INFO : telemetry.records : Processed file C:\Users\Admin\.azure\telemetry\20250813124025667\cache into 1 records.
8584 : 2025-08-13 12:40:28,218 : INFO : telemetry.records : Remove directory C:\Users\Admin\.azure\telemetry\20250813124025667
8584 : 2025-08-13 12:40:28,509 : INFO : telemetry.client : Accumulated 1 events. Flush the clients.
8584 : 2025-08-13 12:40:28,509 : INFO : telemetry.client : Flush client c4395b75-49cc-422c-bc95-c7d51aef5d46.
8584 : 2025-08-13 12:40:32,260 : INFO : telemetry.sender : Sending 4060 bytes
8584 : 2025-08-13 12:40:32,274 : INFO : telemetry.sender : Finish uploading in 3.764385 seconds.
11100 : 2025-08-13 12:40:40,656 : INFO : telemetry.main : Attempt start. Configuration directory [C:\Users\Admin\.azure]. Cache directory [C:\Users\Admin\.azure\telemetry\20250813124040059].
11100 : 2025-08-13 12:40:40,656 : INFO : telemetry.records : 1 cache files to upload.
11100 : 2025-08-13 12:40:40,741 : INFO : telemetry.records : Processed file C:\Users\Admin\.azure\telemetry\20250813124040059\cache into 1 records.
11100 : 2025-08-13 12:40:40,741 : INFO : telemetry.records : Remove directory C:\Users\Admin\.azure\telemetry\20250813124040059
11100 : 2025-08-13 12:40:40,876 : INFO : telemetry.client : Accumulated 1 events. Flush the clients.
11100 : 2025-08-13 12:40:40,876 : INFO : telemetry.client : Flush client c4395b75-49cc-422c-bc95-c7d51aef5d46.
11100 : 2025-08-13 12:40:41,878 : INFO : telemetry.sender : Sending 4071 bytes
11100 : 2025-08-13 12:40:41,878 : INFO : telemetry.sender : Finish uploading in 1.002125 seconds.
10956 : 2025-08-13 12:41:15,278 : INFO : telemetry.main : Attempt start. Configuration directory [C:\Users\Admin\.azure]. Cache directory [C:\Users\Admin\.azure\telemetry\20250813124114087].
10956 : 2025-08-13 12:41:15,279 : INFO : telemetry.records : 1 cache files to upload.
10956 : 2025-08-13 12:41:15,369 : INFO : telemetry.records : Processed file C:\Users\Admin\.azure\telemetry\20250813124114087\cache into 1 records.
10956 : 2025-08-13 12:41:15,370 : INFO : telemetry.records : Remove directory C:\Users\Admin\.azure\telemetry\20250813124114087
10956 : 2025-08-13 12:41:15,431 : INFO : telemetry.client : Accumulated 1 events. Flush the clients.
10956 : 2025-08-13 12:41:15,431 : INFO : telemetry.client : Flush client c4395b75-49cc-422c-bc95-c7d51aef5d46.
10956 : 2025-08-13 12:41:16,390 : INFO : telemetry.sender : Sending 4640 bytes
10956 : 2025-08-13 12:41:16,390 : INFO : telemetry.sender : Finish uploading in 0.957696 seconds.
10936 : 2025-08-13 12:41:24,571 : INFO : telemetry.main : Attempt start. Configuration directory [C:\Users\Admin\.azure]. Cache directory [C:\Users\Admin\.azure\telemetry\20250813124123682].
10936 : 2025-08-13 12:41:24,571 : INFO : telemetry.records : 1 cache files to upload.
10936 : 2025-08-13 12:41:24,621 : INFO : telemetry.records : Processed file C:\Users\Admin\.azure\telemetry\20250813124123682\cache into 1 records.
10936 : 2025-08-13 12:41:24,628 : INFO : telemetry.records : Remove directory C:\Users\Admin\.azure\telemetry\20250813124123682
10936 : 2025-08-13 12:41:24,745 : INFO : telemetry.client : Accumulated 1 events. Flush the clients.
10936 : 2025-08-13 12:41:24,745 : INFO : telemetry.client : Flush client c4395b75-49cc-422c-bc95-c7d51aef5d46.
10936 : 2025-08-13 12:41:25,874 : INFO : telemetry.sender : Sending 4639 bytes
10936 : 2025-08-13 12:41:25,875 : INFO : telemetry.sender : Finish uploading in 1.128631 seconds.
5788 : 2025-08-13 13:33:29,988 : INFO : telemetry.main : Attempt start. Configuration directory [C:\Users\Admin\.azure]. Cache directory [C:\Users\Admin\.azure\telemetry\20250813133329392].
5788 : 2025-08-13 13:33:29,988 : INFO : telemetry.records : 1 cache files to upload.
5788 : 2025-08-13 13:33:31,210 : INFO : telemetry.records : Processed file C:\Users\Admin\.azure\telemetry\20250813133329392\cache into 1 records.
5788 : 2025-08-13 13:33:31,226 : INFO : telemetry.records : Remove directory C:\Users\Admin\.azure\telemetry\20250813133329392
5788 : 2025-08-13 13:33:31,415 : INFO : telemetry.client : Accumulated 1 events. Flush the clients.
5788 : 2025-08-13 13:33:31,415 : INFO : telemetry.client : Flush client c4395b75-49cc-422c-bc95-c7d51aef5d46.
5788 : 2025-08-13 13:33:33,539 : INFO : telemetry.sender : Sending 4110 bytes
5788 : 2025-08-13 13:33:33,539 : INFO : telemetry.sender : Finish uploading in 2.124041 seconds.
11632 : 2025-08-13 13:35:12,963 : INFO : telemetry.main : Attempt start. Configuration directory [C:\Users\Admin\.azure]. Cache directory [C:\Users\Admin\.azure\telemetry\20250813133512339].
11632 : 2025-08-13 13:35:12,964 : INFO : telemetry.records : 1 cache files to upload.
11632 : 2025-08-13 13:35:13,117 : INFO : telemetry.records : Processed file C:\Users\Admin\.azure\telemetry\20250813133512339\cache into 1 records.
11632 : 2025-08-13 13:35:13,119 : INFO : telemetry.records : Remove directory C:\Users\Admin\.azure\telemetry\20250813133512339
11632 : 2025-08-13 13:35:13,249 : INFO : telemetry.client : Accumulated 1 events. Flush the clients.
11632 : 2025-08-13 13:35:13,249 : INFO : telemetry.client : Flush client c4395b75-49cc-422c-bc95-c7d51aef5d46.
11632 : 2025-08-13 13:35:14,208 : INFO : telemetry.sender : Sending 4727 bytes
11632 : 2025-08-13 13:35:14,208 : INFO : telemetry.sender : Finish uploading in 0.958265 seconds.
12340 : 2025-08-13 13:46:10,025 : INFO : telemetry.main : Attempt start. Configuration directory [C:\Users\Admin\.azure]. Cache directory [C:\Users\Admin\.azure\telemetry\20250813134609422].
12340 : 2025-08-13 13:46:10,077 : INFO : telemetry.records : 1 cache files to upload.
12340 : 2025-08-13 13:46:10,796 : INFO : telemetry.records : Processed file C:\Users\Admin\.azure\telemetry\20250813134609422\cache into 1 records.
12340 : 2025-08-13 13:46:10,797 : INFO : telemetry.records : Remove directory C:\Users\Admin\.azure\telemetry\20250813134609422
12340 : 2025-08-13 13:46:10,883 : INFO : telemetry.client : Accumulated 1 events. Flush the clients.
12340 : 2025-08-13 13:46:10,883 : INFO : telemetry.client : Flush client c4395b75-49cc-422c-bc95-c7d51aef5d46.
12340 : 2025-08-13 13:46:21,448 : INFO : telemetry.sender : Sending 4080 bytes
12340 : 2025-08-13 13:46:21,449 : INFO : telemetry.sender : Finish uploading in 10.564885 seconds.
8420 : 2025-08-13 13:46:47,404 : INFO : telemetry.main : Attempt start. Configuration directory [C:\Users\Admin\.azure]. Cache directory [C:\Users\Admin\.azure\telemetry\20250813134646873].
8420 : 2025-08-13 13:46:47,405 : INFO : telemetry.records : 1 cache files to upload.
8420 : 2025-08-13 13:46:47,588 : INFO : telemetry.records : Processed file C:\Users\Admin\.azure\telemetry\20250813134646873\cache into 1 records.
8420 : 2025-08-13 13:46:47,593 : INFO : telemetry.records : Remove directory C:\Users\Admin\.azure\telemetry\20250813134646873
8420 : 2025-08-13 13:46:47,673 : INFO : telemetry.client : Accumulated 1 events. Flush the clients.
8420 : 2025-08-13 13:46:47,673 : INFO : telemetry.client : Flush client c4395b75-49cc-422c-bc95-c7d51aef5d46.
8420 : 2025-08-13 13:46:48,725 : INFO : telemetry.sender : Sending 4158 bytes
8420 : 2025-08-13 13:46:48,726 : INFO : telemetry.sender : Finish uploading in 1.052551 seconds.
2112 : 2025-08-13 13:48:11,058 : INFO : telemetry.main : Attempt start. Configuration directory [C:\Users\Admin\.azure]. Cache directory [C:\Users\Admin\.azure\telemetry\20250813134810396].
2112 : 2025-08-13 13:48:11,059 : INFO : telemetry.records : 1 cache files to upload.
2112 : 2025-08-13 13:48:11,114 : INFO : telemetry.records : Processed file C:\Users\Admin\.azure\telemetry\20250813134810396\cache into 1 records.
2112 : 2025-08-13 13:48:11,115 : INFO : telemetry.records : Remove directory C:\Users\Admin\.azure\telemetry\20250813134810396
2112 : 2025-08-13 13:48:11,172 : INFO : telemetry.client : Accumulated 1 events. Flush the clients.
2112 : 2025-08-13 13:48:11,173 : INFO : telemetry.client : Flush client c4395b75-49cc-422c-bc95-c7d51aef5d46.
2112 : 2025-08-13 13:48:12,245 : INFO : telemetry.sender : Sending 4157 bytes
2112 : 2025-08-13 13:48:12,245 : INFO : telemetry.sender : Finish uploading in 1.071969 seconds.
7028 : 2025-08-13 13:49:02,479 : INFO : telemetry.main : Attempt start. Configuration directory [C:\Users\Admin\.azure]. Cache directory [C:\Users\Admin\.azure\telemetry\20250813134902040].
7028 : 2025-08-13 13:49:02,479 : INFO : telemetry.records : 1 cache files to upload.
7028 : 2025-08-13 13:49:02,535 : INFO : telemetry.records : Processed file C:\Users\Admin\.azure\telemetry\20250813134902040\cache into 1 records.
7028 : 2025-08-13 13:49:02,536 : INFO : telemetry.records : Remove directory C:\Users\Admin\.azure\telemetry\20250813134902040
7028 : 2025-08-13 13:49:02,602 : INFO : telemetry.client : Accumulated 1 events. Flush the clients.
7028 : 2025-08-13 13:49:02,602 : INFO : telemetry.client : Flush client c4395b75-49cc-422c-bc95-c7d51aef5d46.
7028 : 2025-08-13 13:49:03,752 : INFO : telemetry.sender : Sending 4157 bytes
7028 : 2025-08-13 13:49:03,753 : INFO : telemetry.sender : Finish uploading in 1.149531 seconds.
10656 : 2025-08-13 13:49:27,762 : INFO : telemetry.main : Attempt start. Configuration directory [C:\Users\Admin\.azure]. Cache directory [C:\Users\Admin\.azure\telemetry\20250813134927354].
10656 : 2025-08-13 13:49:27,763 : INFO : telemetry.records : 1 cache files to upload.
10656 : 2025-08-13 13:49:27,787 : INFO : telemetry.records : Processed file C:\Users\Admin\.azure\telemetry\20250813134927354\cache into 1 records.
10656 : 2025-08-13 13:49:27,787 : INFO : telemetry.records : Remove directory C:\Users\Admin\.azure\telemetry\20250813134927354
10656 : 2025-08-13 13:49:27,855 : INFO : telemetry.client : Accumulated 1 events. Flush the clients.
10656 : 2025-08-13 13:49:27,855 : INFO : telemetry.client : Flush client c4395b75-49cc-422c-bc95-c7d51aef5d46.
10656 : 2025-08-13 13:49:28,947 : INFO : telemetry.sender : Sending 4157 bytes
10656 : 2025-08-13 13:49:28,948 : INFO : telemetry.sender : Finish uploading in 1.092033 seconds.
11956 : 2025-08-13 13:49:50,146 : INFO : telemetry.main : Attempt start. Configuration directory [C:\Users\Admin\.azure]. Cache directory [C:\Users\Admin\.azure\telemetry\20250813134948848].
11956 : 2025-08-13 13:49:50,147 : INFO : telemetry.records : 1 cache files to upload.
11956 : 2025-08-13 13:49:50,213 : INFO : telemetry.records : Processed file C:\Users\Admin\.azure\telemetry\20250813134948848\cache into 1 records.
11956 : 2025-08-13 13:49:50,225 : INFO : telemetry.records : Remove directory C:\Users\Admin\.azure\telemetry\20250813134948848
11956 : 2025-08-13 13:49:50,287 : INFO : telemetry.client : Accumulated 1 events. Flush the clients.
11956 : 2025-08-13 13:49:50,287 : INFO : telemetry.client : Flush client c4395b75-49cc-422c-bc95-c7d51aef5d46.
11956 : 2025-08-13 13:49:51,368 : INFO : telemetry.sender : Sending 4157 bytes
11956 : 2025-08-13 13:49:51,369 : INFO : telemetry.sender : Finish uploading in 1.082621 seconds.
5512 : 2025-08-13 13:50:17,835 : INFO : telemetry.main : Attempt start. Configuration directory [C:\Users\Admin\.azure]. Cache directory [C:\Users\Admin\.azure\telemetry\20250813135017444].
5512 : 2025-08-13 13:50:17,836 : INFO : telemetry.records : 1 cache files to upload.
5512 : 2025-08-13 13:50:18,032 : INFO : telemetry.records : Processed file C:\Users\Admin\.azure\telemetry\20250813135017444\cache into 1 records.
5512 : 2025-08-13 13:50:18,035 : INFO : telemetry.records : Remove directory C:\Users\Admin\.azure\telemetry\20250813135017444
5512 : 2025-08-13 13:50:18,103 : INFO : telemetry.client : Accumulated 1 events. Flush the clients.
5512 : 2025-08-13 13:50:18,103 : INFO : telemetry.client : Flush client c4395b75-49cc-422c-bc95-c7d51aef5d46.
5512 : 2025-08-13 13:50:19,164 : INFO : telemetry.sender : Sending 4157 bytes
5512 : 2025-08-13 13:50:19,165 : INFO : telemetry.sender : Finish uploading in 1.060814 seconds.
10112 : 2025-08-13 13:51:44,993 : INFO : telemetry.main : Attempt start. Configuration directory [C:\Users\Admin\.azure]. Cache directory [C:\Users\Admin\.azure\telemetry\20250813135144547].
10112 : 2025-08-13 13:51:44,994 : INFO : telemetry.records : 1 cache files to upload.
10112 : 2025-08-13 13:51:45,017 : INFO : telemetry.records : Processed file C:\Users\Admin\.azure\telemetry\20250813135144547\cache into 1 records.
10112 : 2025-08-13 13:51:45,021 : INFO : telemetry.records : Remove directory C:\Users\Admin\.azure\telemetry\20250813135144547
10112 : 2025-08-13 13:51:45,086 : INFO : telemetry.client : Accumulated 1 events. Flush the clients.
10112 : 2025-08-13 13:51:45,086 : INFO : telemetry.client : Flush client c4395b75-49cc-422c-bc95-c7d51aef5d46.
10112 : 2025-08-13 13:51:46,103 : INFO : telemetry.sender : Sending 4157 bytes
10112 : 2025-08-13 13:51:46,103 : INFO : telemetry.sender : Finish uploading in 1.016540 seconds.
2308 : 2025-08-13 13:52:15,467 : INFO : telemetry.main : Attempt start. Configuration directory [C:\Users\Admin\.azure]. Cache directory [C:\Users\Admin\.azure\telemetry\20250813135215032].
2308 : 2025-08-13 13:52:15,467 : INFO : telemetry.records : 1 cache files to upload.
2308 : 2025-08-13 13:52:15,625 : INFO : telemetry.records : Processed file C:\Users\Admin\.azure\telemetry\20250813135215032\cache into 1 records.
2308 : 2025-08-13 13:52:15,627 : INFO : telemetry.records : Remove directory C:\Users\Admin\.azure\telemetry\20250813135215032
2308 : 2025-08-13 13:52:15,689 : INFO : telemetry.client : Accumulated 1 events. Flush the clients.
2308 : 2025-08-13 13:52:15,689 : INFO : telemetry.client : Flush client c4395b75-49cc-422c-bc95-c7d51aef5d46.
2308 : 2025-08-13 13:52:16,777 : INFO : telemetry.sender : Sending 4140 bytes
2308 : 2025-08-13 13:52:16,778 : INFO : telemetry.sender : Finish uploading in 1.087270 seconds.
12836 : 2025-08-13 13:53:40,026 : INFO : telemetry.main : Attempt start. Configuration directory [C:\Users\Admin\.azure]. Cache directory [C:\Users\Admin\.azure\telemetry\20250813135338733].
12836 : 2025-08-13 13:53:40,027 : INFO : telemetry.records : 1 cache files to upload.
12836 : 2025-08-13 13:53:40,357 : INFO : telemetry.records : Processed file C:\Users\Admin\.azure\telemetry\20250813135338733\cache into 1 records.
12836 : 2025-08-13 13:53:40,358 : INFO : telemetry.records : Remove directory C:\Users\Admin\.azure\telemetry\20250813135338733
12836 : 2025-08-13 13:53:40,423 : INFO : telemetry.client : Accumulated 1 events. Flush the clients.
12836 : 2025-08-13 13:53:40,423 : INFO : telemetry.client : Flush client c4395b75-49cc-422c-bc95-c7d51aef5d46.
12836 : 2025-08-13 13:53:41,459 : INFO : telemetry.sender : Sending 4158 bytes
12836 : 2025-08-13 13:53:41,461 : INFO : telemetry.sender : Finish uploading in 1.035788 seconds.
10408 : 2025-08-13 13:54:33,950 : INFO : telemetry.main : Attempt start. Configuration directory [C:\Users\Admin\.azure]. Cache directory [C:\Users\Admin\.azure\telemetry\20250813135433167].
10408 : 2025-08-13 13:54:33,951 : INFO : telemetry.records : 1 cache files to upload.
10408 : 2025-08-13 13:54:34,067 : INFO : telemetry.records : Processed file C:\Users\Admin\.azure\telemetry\20250813135433167\cache into 1 records.
10408 : 2025-08-13 13:54:34,068 : INFO : telemetry.records : Remove directory C:\Users\Admin\.azure\telemetry\20250813135433167
10408 : 2025-08-13 13:54:34,146 : INFO : telemetry.client : Accumulated 1 events. Flush the clients.
10408 : 2025-08-13 13:54:34,146 : INFO : telemetry.client : Flush client c4395b75-49cc-422c-bc95-c7d51aef5d46.
10408 : 2025-08-13 13:54:35,222 : INFO : telemetry.sender : Sending 4157 bytes
10408 : 2025-08-13 13:54:35,223 : INFO : telemetry.sender : Finish uploading in 1.076852 seconds.
2824 : 2025-08-13 13:57:36,215 : INFO : telemetry.main : Attempt start. Configuration directory [C:\Users\Admin\.azure]. Cache directory [C:\Users\Admin\.azure\telemetry\20250813135735753].
2824 : 2025-08-13 13:57:36,216 : INFO : telemetry.records : 1 cache files to upload.
2824 : 2025-08-13 13:57:36,299 : INFO : telemetry.records : Processed file C:\Users\Admin\.azure\telemetry\20250813135735753\cache into 1 records.
2824 : 2025-08-13 13:57:36,300 : INFO : telemetry.records : Remove directory C:\Users\Admin\.azure\telemetry\20250813135735753
2824 : 2025-08-13 13:57:36,449 : INFO : telemetry.client : Accumulated 1 events. Flush the clients.
2824 : 2025-08-13 13:57:36,450 : INFO : telemetry.client : Flush client c4395b75-49cc-422c-bc95-c7d51aef5d46.
2824 : 2025-08-13 13:57:37,436 : INFO : telemetry.sender : Sending 4157 bytes
2824 : 2025-08-13 13:57:37,436 : INFO : telemetry.sender : Finish uploading in 0.986621 seconds.
13228 : 2025-08-13 13:59:13,236 : INFO : telemetry.main : Attempt start. Configuration directory [C:\Users\Admin\.azure]. Cache directory [C:\Users\Admin\.azure\telemetry\20250813135912748].
13228 : 2025-08-13 13:59:13,237 : INFO : telemetry.records : 1 cache files to upload.
13228 : 2025-08-13 13:59:13,301 : INFO : telemetry.records : Processed file C:\Users\Admin\.azure\telemetry\20250813135912748\cache into 1 records.
13228 : 2025-08-13 13:59:13,303 : INFO : telemetry.records : Remove directory C:\Users\Admin\.azure\telemetry\20250813135912748
13228 : 2025-08-13 13:59:13,387 : INFO : telemetry.client : Accumulated 1 events. Flush the clients.
13228 : 2025-08-13 13:59:13,387 : INFO : telemetry.client : Flush client c4395b75-49cc-422c-bc95-c7d51aef5d46.
13228 : 2025-08-13 13:59:14,365 : INFO : telemetry.sender : Sending 4157 bytes
13228 : 2025-08-13 13:59:14,366 : INFO : telemetry.sender : Finish uploading in 0.978485 seconds.
12444 : 2025-08-13 14:06:51,079 : INFO : telemetry.main : Attempt start. Configuration directory [C:\Users\Admin\.azure]. Cache directory [C:\Users\Admin\.azure\telemetry\20250813140650633].
12444 : 2025-08-13 14:06:51,080 : INFO : telemetry.records : 1 cache files to upload.
12444 : 2025-08-13 14:06:51,421 : INFO : telemetry.records : Processed file C:\Users\Admin\.azure\telemetry\20250813140650633\cache into 1 records.
12444 : 2025-08-13 14:06:51,422 : INFO : telemetry.records : Remove directory C:\Users\Admin\.azure\telemetry\20250813140650633
12444 : 2025-08-13 14:06:51,480 : INFO : telemetry.client : Accumulated 1 events. Flush the clients.
12444 : 2025-08-13 14:06:51,480 : INFO : telemetry.client : Flush client c4395b75-49cc-422c-bc95-c7d51aef5d46.
12444 : 2025-08-13 14:06:52,545 : INFO : telemetry.sender : Sending 4157 bytes
12444 : 2025-08-13 14:06:52,546 : INFO : telemetry.sender : Finish uploading in 1.064890 seconds.
816 : 2025-08-13 14:09:55,337 : INFO : telemetry.main : Attempt start. Configuration directory [C:\Users\Admin\.azure]. Cache directory [C:\Users\Admin\.azure\telemetry\20250813140954884].
816 : 2025-08-13 14:09:55,337 : INFO : telemetry.records : 1 cache files to upload.
816 : 2025-08-13 14:09:55,400 : INFO : telemetry.records : Processed file C:\Users\Admin\.azure\telemetry\20250813140954884\cache into 1 records.
816 : 2025-08-13 14:09:55,400 : INFO : telemetry.records : Remove directory C:\Users\Admin\.azure\telemetry\20250813140954884
816 : 2025-08-13 14:09:55,509 : INFO : telemetry.client : Accumulated 1 events. Flush the clients.
816 : 2025-08-13 14:09:55,509 : INFO : telemetry.client : Flush client c4395b75-49cc-422c-bc95-c7d51aef5d46.
816 : 2025-08-13 14:09:56,368 : INFO : telemetry.sender : Sending 4093 bytes
816 : 2025-08-13 14:09:56,368 : INFO : telemetry.sender : Finish uploading in 0.859374 seconds.
7892 : 2025-08-13 14:12:00,562 : INFO : telemetry.main : Attempt start. Configuration directory [C:\Users\Admin\.azure]. Cache directory [C:\Users\Admin\.azure\telemetry\20250813141200140].
7892 : 2025-08-13 14:12:00,562 : INFO : telemetry.records : 1 cache files to upload.
7892 : 2025-08-13 14:12:00,625 : INFO : telemetry.records : Processed file C:\Users\Admin\.azure\telemetry\20250813141200140\cache into 1 records.
7892 : 2025-08-13 14:12:00,625 : INFO : telemetry.records : Remove directory C:\Users\Admin\.azure\telemetry\20250813141200140
7892 : 2025-08-13 14:12:00,687 : INFO : telemetry.client : Accumulated 1 events. Flush the clients.
7892 : 2025-08-13 14:12:00,687 : INFO : telemetry.client : Flush client c4395b75-49cc-422c-bc95-c7d51aef5d46.
7892 : 2025-08-13 14:12:01,531 : INFO : telemetry.sender : Sending 4076 bytes
7892 : 2025-08-13 14:12:01,531 : INFO : telemetry.sender : Finish uploading in 0.843750 seconds.
5316 : 2025-08-13 14:13:01,464 : INFO : telemetry.main : Attempt start. Configuration directory [C:\Users\Admin\.azure]. Cache directory [C:\Users\Admin\.azure\telemetry\20250813141259944].
5316 : 2025-08-13 14:13:01,464 : INFO : telemetry.records : 1 cache files to upload.
5316 : 2025-08-13 14:13:01,548 : INFO : telemetry.records : Processed file C:\Users\Admin\.azure\telemetry\20250813141259944\cache into 1 records.
5316 : 2025-08-13 14:13:01,549 : INFO : telemetry.records : Remove directory C:\Users\Admin\.azure\telemetry\20250813141259944
5316 : 2025-08-13 14:13:01,613 : INFO : telemetry.client : Accumulated 1 events. Flush the clients.
5316 : 2025-08-13 14:13:01,613 : INFO : telemetry.client : Flush client c4395b75-49cc-422c-bc95-c7d51aef5d46.
5316 : 2025-08-13 14:13:02,494 : INFO : telemetry.sender : Sending 4157 bytes
5316 : 2025-08-13 14:13:02,494 : INFO : telemetry.sender : Finish uploading in 0.880687 seconds.
14736 : 2025-08-13 15:20:49,904 : INFO : telemetry.main : Attempt start. Configuration directory [C:\Users\Admin\.azure]. Cache directory [C:\Users\Admin\.azure\telemetry\20250813152038725].
14736 : 2025-08-13 15:20:49,951 : INFO : telemetry.records : 1 cache files to upload.
14736 : 2025-08-13 15:20:57,150 : INFO : telemetry.records : Processed file C:\Users\Admin\.azure\telemetry\20250813152038725\cache into 1 records.
14736 : 2025-08-13 15:20:57,196 : INFO : telemetry.records : Remove directory C:\Users\Admin\.azure\telemetry\20250813152038725
14736 : 2025-08-13 15:20:59,576 : INFO : telemetry.client : Accumulated 1 events. Flush the clients.
14736 : 2025-08-13 15:20:59,576 : INFO : telemetry.client : Flush client c4395b75-49cc-422c-bc95-c7d51aef5d46.
14736 : 2025-08-13 15:21:01,029 : INFO : telemetry.sender : Sending 4688 bytes
14736 : 2025-08-13 15:21:01,029 : INFO : telemetry.sender : Finish uploading in 1.453128 seconds.
